GroupB/10-3-IntentAdder1/app/build/intermediates/manifest_merge_blame_file/debug/manifest-merger-blame-debug-report.txt
1<?xml version="1.0" encoding="utf-8"?>
2<manifest xmlns:android="http://schemas.android.com/apk/res/android"
3    package="com.example.intentdemo2b"
4    android:versionCode="1"
5    android:versionName="1.0" >
6
7    <uses-sdk
7-->src\main\AndroidManifest.xml:6:5-7:39
8        android:minSdkVersion="28"
8-->src\main\AndroidManifest.xml:6:5-7:39
9        android:targetSdkVersion="28" />
9-->src\main\AndroidManifest.xml:7:7-36
10
11    <application
11-->src\main\AndroidManifest.xml:9:5-27:19
12        android:appComponentFactory="android.support.v4.app.CoreComponentFactory"
12-->[com.android.support:support-compat:28.0.0] AndroidManifest.xml:22:18-91
13        android:debuggable="true"
14        android:icon="@drawable/ic_launcher"
14-->src\main\AndroidManifest.xml:10:9-45
15        android:label="@string/app_name"
15-->src\main\AndroidManifest.xml:11:9-41
16        android:testOnly="true"
17        android:theme="@style/AppTheme" >
17-->src\main\AndroidManifest.xml:12:9-40
18        <activity
18-->src\main\AndroidManifest.xml:13:9-20:20
19            android:name="com.example.intentdemo2b.Activity1"
19-->src\main\AndroidManifest.xml:14:13-38
20            android:label="@string/title_activity_intent_demo2_b" >
20-->src\main\AndroidManifest.xml:15:13-66
21            <intent-filter>
21-->src\main\AndroidManifest.xml:16:13-19:29
22                <action android:name="android.intent.action.MAIN" />
22-->src\main\AndroidManifest.xml:17:17-69
22-->src\main\AndroidManifest.xml:17:25-66
23
24                <category android:name="android.intent.category.LAUNCHER" />
24-->src\main\AndroidManifest.xml:18:17-77
24-->src\main\AndroidManifest.xml:18:27-74
25            </intent-filter>
26        </activity>
27        <activity
27-->src\main\AndroidManifest.xml:22:9-25:20
28            android:name="com.example.intentdemo2b.Activity2"
28-->src\main\AndroidManifest.xml:23:13-38
29            android:theme="@android:style/Theme.Translucent.NoTitleBar" >
29-->src\main\AndroidManifest.xml:24:4-63
30        </activity>
31    </application>
32
33</manifest>